PRSice 2.3.5 (2021-09-20) 
https://github.com/choishingwan/PRSice
(C) 2016-2020 Shing Wan (Sam) Choi and Paul F. O'Reilly
GNU General Public License v3
If you use PRSice in any published work, please cite:
Choi SW, O'Reilly PF.
PRSice-2: Polygenic Risk Score Software for Biobank-Scale Data.
GigaScience 8, no. 7 (July 1, 2019)
2023-08-31 15:56:33
./PRSice_linux \
    --a1 A1 \
    --a2 A2 \
    --bar-levels 0.001,0.05,0.1,0.2,0.3,0.4,0.5,1 \
    --base TOY_BASE_GWAS.assoc \
    --binary-target T \
    --bp BP \
    --chr CHR \
    --clump-kb 250kb \
    --clump-p 1.000000 \
    --clump-r2 0.100000 \
    --interval 5e-05 \
    --lower 5e-08 \
    --num-auto 22 \
    --or  \
    --out PRSice \
    --pvalue P \
    --seed 1809680287 \
    --snp SNP \
    --stat OR \
    --target TOY_TARGET_DATA \
    --thread 4 \
    --upper 0.5

Initializing Genotype file: TOY_TARGET_DATA (bed) 

Start processing TOY_BASE_GWAS 
================================================== 

Base file: TOY_BASE_GWAS.assoc 
Header of file is: 
SNP CHR BP A1 A2 P OR 

91062 variant(s) observed in base file, with: 
2226 variant(s) located on haploid chromosome 
88836 total variant(s) included from base file 

Loading Genotype info from target 
================================================== 

2000 people (1024 male(s), 976 female(s)) observed 
2000 founder(s) included 

Warning: Currently not support haploid chromosome and sex 
         chromosomes 

88836 variant(s) included 

There are a total of 1 phenotype to process 

Start performing clumping 

Number of variant(s) after clumping : 88836 

Processing the 1 th phenotype 

Phenotype is a binary phenotype 
1000 control(s) 
1000 case(s) 

There are 1 region(s) with p-value less than 1e-5. Please 
note that these results are inflated due to the overfitting 
inherent in finding the best-fit PRS (but it's still best 
to find the best-fit PRS!). 
You can use the --perm option (see manual) to calculate an 
empirical P-value. 

